# JRE version: Java(TM) SE Runtime Environment (8.0_31-b13) (build 1.8.0_31-b13)
# Java VM: Java HotSpot(TM) 64-Bit Server VM (25.31-b07 mixed mode windows-amd64 compressed oops)
Heap:
 PSYoungGen      total 260608K, used 178196K [0x00000000d5e00000, 0x00000000e7d00000, 0x0000000100000000)
  eden space 256512K, 67% used [0x00000000d5e00000,0x00000000e08550e8,0x00000000e5880000)
  from space 4096K, 92% used [0x00000000e6c00000,0x00000000e6fb0300,0x00000000e7000000)
  to   space 10240K, 0% used [0x00000000e7300000,0x00000000e7300000,0x00000000e7d00000)
 ParOldGen       total 133120K, used 29491K [0x0000000081a00000, 0x0000000089c00000, 0x00000000d5e00000)
  object space 133120K, 22% used [0x0000000081a00000,0x00000000836ccca8,0x0000000089c00000)
 Metaspace       used 68998K, capacity 75010K, committed 75136K, reserved 1114112K
  class space    used 9606K, capacity 10872K, committed 10880K, reserved 1048576K
GC Heap History (10 events):
Event: 4754.125 GC heap before
{Heap before GC invocations=49 (full 19):
 PSYoungGen      total 292864K, used 217935K [0x00000000d5e00000, 0x00000000e8a00000, 0x0000000100000000)
  eden space 285696K, 76% used [0x00000000d5e00000,0x00000000e32d3c98,0x00000000e7500000)
  from space 7168K, 0% used [0x00000000e7500000,0x00000000e7500000,0x00000000e7c00000)
  to   space 10752K, 0% used [0x00000000e7f80000,0x00000000e7f80000,0x00000000e8a00000)
 ParOldGen       total 133120K, used 26229K [0x0000000081a00000, 0x0000000089c00000, 0x00000000d5e00000)
  object space 133120K, 19% used [0x0000000081a00000,0x000000008339d5f8,0x0000000089c00000)
 Metaspace       used 68541K, capacity 74500K, committed 74624K, reserved 1114112K
  class space    used 9558K, capacity 10832K, committed 10880K, reserved 1048576K
Event: 4754.146 GC heap after
Heap after GC invocations=49 (full 19):
 PSYoungGen      total 295424K, used 5604K [0x00000000d5e00000, 0x00000000e8900000, 0x0000000100000000)
  eden space 285696K, 0% used [0x00000000d5e00000,0x00000000d5e00000,0x00000000e7500000)
  from space 9728K, 57% used [0x00000000e7f80000,0x00000000e84f9170,0x00000000e8900000)
  to   space 10240K, 0% used [0x00000000e7500000,0x00000000e7500000,0x00000000e7f00000)
 ParOldGen       total 133120K, used 26237K [0x0000000081a00000, 0x0000000089c00000, 0x00000000d5e00000)
  object space 133120K, 19% used [0x0000000081a00000,0x000000008339f5f8,0x0000000089c00000)
 Metaspace       used 68541K, capacity 74500K, committed 74624K, reserved 1114112K
  class space    used 9558K, capacity 10832K, committed 10880K, reserved 1048576K
}
Event: 4754.146 GC heap before
{Heap before GC invocations=50 (full 20):
 PSYoungGen      total 295424K, used 5604K [0x00000000d5e00000, 0x00000000e8900000, 0x0000000100000000)
  eden space 285696K, 0% used [0x00000000d5e00000,0x00000000d5e00000,0x00000000e7500000)
  from space 9728K, 57% used [0x00000000e7f80000,0x00000000e84f9170,0x00000000e8900000)
  to   space 10240K, 0% used [0x00000000e7500000,0x00000000e7500000,0x00000000e7f00000)
 ParOldGen       total 133120K, used 26237K [0x0000000081a00000, 0x0000000089c00000, 0x00000000d5e00000)
  object space 133120K, 19% used [0x0000000081a00000,0x000000008339f5f8,0x0000000089c00000)
 Metaspace       used 68541K, capacity 74500K, committed 74624K, reserved 1114112K
  class space    used 9558K, capacity 10832K, committed 10880K, reserved 1048576K
Event: 4754.401 GC heap after
Heap after GC invocations=50 (full 20):
 PSYoungGen      total 295424K, used 0K [0x00000000d5e00000, 0x00000000e8900000, 0x0000000100000000)
  eden space 285696K, 0% used [0x00000000d5e00000,0x00000000d5e00000,0x00000000e7500000)
  from space 9728K, 0% used [0x00000000e7f80000,0x00000000e7f80000,0x00000000e8900000)
  to   space 10240K, 0% used [0x00000000e7500000,0x00000000e7500000,0x00000000e7f00000)
 ParOldGen       total 133120K, used 25995K [0x0000000081a00000, 0x0000000089c00000, 0x00000000d5e00000)
  object space 133120K, 19% used [0x0000000081a00000,0x0000000083362c88,0x0000000089c00000)
 Metaspace       used 68527K, capacity 74476K, committed 74624K, reserved 1114112K
  class space    used 9556K, capacity 10827K, committed 10880K, reserved 1048576K
}
Event: 5833.179 GC heap before
{Heap before GC invocations=51 (full 20):
 PSYoungGen      total 295424K, used 285696K [0x00000000d5e00000, 0x00000000e8900000, 0x0000000100000000)
  eden space 285696K, 100% used [0x00000000d5e00000,0x00000000e7500000,0x00000000e7500000)
  from space 9728K, 0% used [0x00000000e7f80000,0x00000000e7f80000,0x00000000e8900000)
  to   space 10240K, 0% used [0x00000000e7500000,0x00000000e7500000,0x00000000e7f00000)
 ParOldGen       total 133120K, used 25995K [0x0000000081a00000, 0x0000000089c00000, 0x00000000d5e00000)
  object space 133120K, 19% used [0x0000000081a00000,0x0000000083362c88,0x0000000089c00000)
 Metaspace       used 68930K, capacity 74946K, committed 75136K, reserved 1114112K
  class space    used 9597K, capacity 10872K, committed 10880K, reserved 1048576K
Event: 5833.213 GC heap after
Heap after GC invocations=51 (full 20):
 PSYoungGen      total 283136K, used 7651K [0x00000000d5e00000, 0x00000000e8000000, 0x0000000100000000)
  eden space 275456K, 0% used [0x00000000d5e00000,0x00000000d5e00000,0x00000000e6b00000)
  from space 7680K, 99% used [0x00000000e7500000,0x00000000e7c78dc8,0x00000000e7c80000)
  to   space 3584K, 0% used [0x00000000e7c80000,0x00000000e7c80000,0x00000000e8000000)
 ParOldGen       total 133120K, used 26003K [0x0000000081a00000, 0x0000000089c00000, 0x00000000d5e00000)
  object space 133120K, 19% used [0x0000000081a00000,0x0000000083364c88,0x0000000089c00000)
 Metaspace       used 68930K, capacity 74946K, committed 75136K, reserved 1114112K
  class space    used 9597K, capacity 10872K, committed 10880K, reserved 1048576K
}
Event: 9394.921 GC heap before
{Heap before GC invocations=52 (full 20):
 PSYoungGen      total 283136K, used 283107K [0x00000000d5e00000, 0x00000000e8000000, 0x0000000100000000)
  eden space 275456K, 100% used [0x00000000d5e00000,0x00000000e6b00000,0x00000000e6b00000)
  from space 7680K, 99% used [0x00000000e7500000,0x00000000e7c78dc8,0x00000000e7c80000)
  to   space 3584K, 0% used [0x00000000e7c80000,0x00000000e7c80000,0x00000000e8000000)
 ParOldGen       total 133120K, used 26003K [0x0000000081a00000, 0x0000000089c00000, 0x00000000d5e00000)
  object space 133120K, 19% used [0x0000000081a00000,0x0000000083364c88,0x0000000089c00000)
 Metaspace       used 68930K, capacity 74946K, committed 75136K, reserved 1114112K
  class space    used 9597K, capacity 10872K, committed 10880K, reserved 1048576K
Event: 9395.027 GC heap after
Heap after GC invocations=52 (full 20):
 PSYoungGen      total 269312K, used 3571K [0x00000000d5e00000, 0x00000000e8000000, 0x0000000100000000)
  eden space 265728K, 0% used [0x00000000d5e00000,0x00000000d5e00000,0x00000000e6180000)
  from space 3584K, 99% used [0x00000000e7c80000,0x00000000e7ffcc30,0x00000000e8000000)
  to   space 10240K, 0% used [0x00000000e6c00000,0x00000000e6c00000,0x00000000e7600000)
 ParOldGen       total 133120K, used 29483K [0x0000000081a00000, 0x0000000089c00000, 0x00000000d5e00000)
  object space 133120K, 22% used [0x0000000081a00000,0x00000000836caca8,0x0000000089c00000)
 Metaspace       used 68930K, capacity 74946K, committed 75136K, reserved 1114112K
  class space    used 9597K, capacity 10872K, committed 10880K, reserved 1048576K
}
Event: 12815.437 GC heap before
{Heap before GC invocations=53 (full 20):
 PSYoungGen      total 269312K, used 269299K [0x00000000d5e00000, 0x00000000e8000000, 0x0000000100000000)
  eden space 265728K, 100% used [0x00000000d5e00000,0x00000000e6180000,0x00000000e6180000)
  from space 3584K, 99% used [0x00000000e7c80000,0x00000000e7ffcc30,0x00000000e8000000)
  to   space 10240K, 0% used [0x00000000e6c00000,0x00000000e6c00000,0x00000000e7600000)
 ParOldGen       total 133120K, used 29483K [0x0000000081a00000, 0x0000000089c00000, 0x00000000d5e00000)
  object space 133120K, 22% used [0x0000000081a00000,0x00000000836caca8,0x0000000089c00000)
 Metaspace       used 68932K, capacity 74946K, committed 75136K, reserved 1114112K
  class space    used 9597K, capacity 10872K, committed 10880K, reserved 1048576K
Event: 12815.463 GC heap after
Heap after GC invocations=53 (full 20):
 PSYoungGen      total 260608K, used 3776K [0x00000000d5e00000, 0x00000000e7d00000, 0x0000000100000000)
  eden space 256512K, 0% used [0x00000000d5e00000,0x00000000d5e00000,0x00000000e5880000)
  from space 4096K, 92% used [0x00000000e6c00000,0x00000000e6fb0300,0x00000000e7000000)
  to   space 10240K, 0% used [0x00000000e7300000,0x00000000e7300000,0x00000000e7d00000)
 ParOldGen       total 133120K, used 29491K [0x0000000081a00000, 0x0000000089c00000, 0x00000000d5e00000)
  object space 133120K, 22% used [0x0000000081a00000,0x00000000836ccca8,0x0000000089c00000)
 Metaspace       used 68932K, capacity 74946K, committed 75136K, reserved 1114112K
  class space    used 9597K, capacity 10872K, committed 10880K, reserved 1048576K
}

